Base path: G:/Program Files (x86)/Unity/Editor/Data
Pipe name: \\.\pipe\UnityShaderCompiler-1-620
Cmd: getPlatforms
Cmd: preprocess
  insize=818 outsize=818 ok=1
Cmd: preprocess
  insize=219 outsize=219 ok=1
Cmd: preprocess
  insize=2317 outsize=849 ok=1
Cmd: preprocess
  insize=1571 outsize=492 ok=1
Cmd: preprocess
  insize=2886 outsize=889 ok=1
Cmd: preprocess
  insize=2330 outsize=479 ok=1
Cmd: preprocess
  insize=1986 outsize=887 ok=1
Cmd: preprocess
  insize=1964 outsize=478 ok=1
Cmd: preprocess
  insize=480 outsize=480 ok=1
Cmd: preprocess
  insize=472 outsize=472 ok=1
Cmd: preprocess
  insize=2450 outsize=535 ok=1
Cmd: preprocess
  insize=2083 outsize=533 ok=1
Cmd: preprocess
  insize=1404 outsize=609 ok=1
Cmd: preprocess
  insize=835 outsize=835 ok=1
Cmd: preprocess
  insize=1452 outsize=830 ok=1
Cmd: preprocess
  insize=1503 outsize=625 ok=1
Cmd: preprocess
  insize=2684 outsize=850 ok=1
Cmd: preprocess
  insize=730 outsize=730 ok=1
Cmd: preprocess
  insize=1636 outsize=878 ok=1
Cmd: preprocess
  insize=1560 outsize=533 ok=1
Cmd: preprocess
  insize=608 outsize=608 ok=1
Cmd: preprocess
  insize=1428 outsize=478 ok=1
Cmd: preprocess
  insize=3042 outsize=1804 ok=1
Cmd: preprocess
  insize=1355 outsize=1355 ok=1
Cmd: preprocess
  insize=316 outsize=316 ok=1
Cmd: preprocess
  insize=2519 outsize=888 ok=1
Cmd: preprocess
  insize=1784 outsize=847 ok=1
Cmd: preprocess
  insize=2474 outsize=494 ok=1
Cmd: preprocess
  insize=435 outsize=435 ok=1
Cmd: preprocess
  insize=634 outsize=634 ok=1
Cmd: preprocess
  insize=963 outsize=963 ok=1
Cmd: preprocess
  insize=1465 outsize=506 ok=1
Cmd: preprocess
  insize=1414 outsize=840 ok=1
Cmd: preprocess
  insize=5950 outsize=3432 ok=1
Cmd: preprocess
  insize=1464 outsize=884 ok=1
Cmd: preprocess
  insize=2361 outsize=2258 ok=1
Cmd: preprocess
  insize=1287 outsize=490 ok=1
Cmd: preprocess
  insize=1232 outsize=482 ok=1
Cmd: preprocess
  insize=2107 outsize=492 ok=1
Cmd: preprocess
  insize=1668 outsize=929 ok=1
